#
# A fatal error has been detected by the Java Runtime Environment:
#
#  SIGSEGV (0xb) at pc=0x00007f966ce025a5, pid=8664, tid=140284214339328
#
# JRE version: Java(TM) SE Runtime Environment (7.0_45-b18) (build 1.7.0_45-b18)
# Java VM: Java HotSpot(TM) 64-Bit Server VM (24.45-b08 mixed mode linux-amd64 compressed oops)
# Problematic frame:
# j  sun.misc.URLClassPath$JarLoader$2.getContentLength()I+4
#
# Failed to write core dump. Core dumps have been disabled. To enable core dumping, try "ulimit -c unlimited" before starting Java again
#
# If you would like to submit a bug report, please visit:
#   http://bugreport.sun.com/bugreport/crash.jsp
#

---------------  T H R E A D  ---------------

Current thread (0x00007f967000a000):  JavaThread "main" [_thread_in_Java, id=8665, stack(0x00007f9676b36000,0x00007f9676c37000)]

siginfo:si_signo=SIGSEGV: si_errno=0, si_code=1 (SEGV_MAPERR), si_addr=0x00000000732c6794

Registers:
RAX=0x00000000732c656c, RBX=0x0000000000000007, RCX=0x00000000f5bfa150, RDX=0x0000000040000001
RSP=0x00007f9676c30698, RBP=0x00007f9676c306e8, RSI=0x00007f9676c306b0, RDI=0x00007f966cdeb350
R8 =0x0000000040000000, R9 =0x00000000000000ba, R10=0x00007f9676011c20, R11=0x00007f9676c306a0
R12=0x0000000000000000, R13=0x00000000d8265a74, R14=0x0000000000000000, R15=0x00007f967000a000
RIP=0x00007f966ce025a5, EFLAGS=0x0000000000010246, CSGSFS=0x0000000000000033, ERR=0x0000000000000004
  TRAPNO=0x000000000000000e

Top of Stack: (sp=0x00007f9676c30698)
0x00007f9676c30698:   00007f966cdeb175 00000000f5bfa150
0x00007f9676c306a8:   00007f9676c306a8 00000000d8265a74
0x00007f9676c306b8:   00007f9676c306f8 00000000d82673c0
0x00007f9676c306c8:   0000000000000000 00000000d8265a80
0x00007f9676c306d8:   0000000000000000 00007f9676c306f8
0x00007f9676c306e8:   00007f9676c30740 00007f966cdeb1d4
0x00007f9676c306f8:   00000000f5b9a8e8 00007f9676c30700
0x00007f9676c30708:   00000000d826679a 00007f9676c307a0
0x00007f9676c30718:   00000000d82671e0 00000000d8977918
0x00007f9676c30728:   00000000d8266908 00007f9676c306f8
0x00007f9676c30738:   00007f9676c307a0 00007f9676c307e8
0x00007f9676c30748:   00007f966cdeb233 0000000000000000
0x00007f9676c30758:   0000000000000000 0000000000000000
0x00007f9676c30768:   0000000000000000 0000000000000000
0x00007f9676c30778:   0000000000000000 0000000000000000
0x00007f9676c30788:   0000000000000000 00000000f5b9ab68
0x00007f9676c30798:   0000000000000000 00000000f5b9a8e8
0x00007f9676c307a8:   00007f9676c307a8 00000000d819e0ab
0x00007f9676c307b8:   00007f9676c30848 00000000d81a0930
0x00007f9676c307c8:   0000000000000000 00000000d819e108
0x00007f9676c307d8:   00007f9676c307a0 00007f9676c30838
0x00007f9676c307e8:   00007f9676c30890 00007f966cdeb233
0x00007f9676c307f8:   0000000000000000 0000000000000000
0x00007f9676c30808:   00000000f867d9b0 0000000000000000
0x00007f9676c30818:   00000000f8509478 0000000000000010
0x00007f9676c30828:   0001b36bf0630a6b 0000000000000000
0x00007f9676c30838:   00000000f5b9a8e8 00000000f5b99658
0x00007f9676c30848:   00000000f8508ab0 00007f9676c30850
0x00007f9676c30858:   00000000d819eb4b 00007f9676c308b0
0x00007f9676c30868:   00000000d81a0930 0000000000000000
0x00007f9676c30878:   00000000d819eb58 00007f9676c30838
0x00007f9676c30888:   00007f9676c308a0 00007f9676c308f8 

Instructions: (pc=0x00007f966ce025a5)
0x00007f966ce02585:   01 49 83 5e 28 00 e9 0d 00 00 00 49 89 46 10 ba
0x00007f966ce02595:   01 00 00 00 49 89 56 18 49 83 c6 30 4c 89 75 e0
0x00007f966ce025a5:   48 8b 9c d8 f0 01 00 00 4c 8d 6c 24 08 4c 89 6d
0x00007f966ce025b5:   f0 ff 63 78 0f 1f 80 00 00 00 00 80 01 00 00 00 

Register to memory mapping:

RAX=0x00000000732c656c is an unknown value
RBX=0x0000000000000007 is an unknown value
RCX=0x00000000f5bfa150 is an unknown value
RDX=0x0000000040000001 is an unknown value
RSP=0x00007f9676c30698 is pointing into the stack for thread: 0x00007f967000a000
RBP=0x00007f9676c306e8 is pointing into the stack for thread: 0x00007f967000a000
RSI=0x00007f9676c306b0 is pointing into the stack for thread: 0x00007f967000a000
RDI=0x00007f966cdeb350 is at code_begin+3280 in an Interpreter codelet
return entry points  [0x00007f966cdea680, 0x00007f966cdec480]  7680 bytes
R8 =0x0000000040000000 is an unknown value
R9 =0x00000000000000ba is an unknown value
R10=0x00007f9676011c20: <offset 0xe3dc20> in /usr/lib/jvm/java-7-oracle/jre/lib/amd64/server/libjvm.so at 0x00007f96751d4000
R11=0x00007f9676c306a0 is pointing into the stack for thread: 0x00007f967000a000
R12=0x0000000000000000 is an unknown value
R13=0x00000000d8265a74 is pointing into object: 0x00000000d8265a30
{constMethod} 
 - klass: {other class}
 - constants:       0x00000000d8265250 constant pool [83] for 'sun/misc/URLClassPath$JarLoader$2' cache=0x00000000d82673c0
bci_from(0xd8265a74) = 4; print_codes():
R14=0x0000000000000000 is an unknown value
R15=0x00007f967000a000 is a thread


Stack: [0x00007f9676b36000,0x00007f9676c37000],  sp=0x00007f9676c30698,  free space=1001k
Native frames: (J=compiled Java code, j=interpreted, Vv=VM code, C=native code)
j  sun.misc.URLClassPath$JarLoader$2.getContentLength()I+4
j  sun.misc.Resource.getBytes()[B+10
j  java.net.URLClassLoader.defineClass(Ljava/lang/String;Lsun/misc/Resource;)Ljava/lang/Class;+179
j  java.net.URLClassLoader.access$100(Ljava/net/URLClassLoader;Ljava/lang/String;Lsun/misc/Resource;)Ljava/lang/Class;+3
j  java.net.URLClassLoader$1.run()Ljava/lang/Class;+43
j  java.net.URLClassLoader$1.run()Ljava/lang/Object;+1
v  ~StubRoutines::call_stub
V  [libjvm.so+0x5f8485]  JavaCalls::call_helper(JavaValue*, methodHandle*, JavaCallArguments*, Thread*)+0x365
V  [libjvm.so+0x5f6ee8]  JavaCalls::call(JavaValue*, methodHandle, JavaCallArguments*, Thread*)+0x28
V  [libjvm.so+0x67cc84]  JVM_DoPrivileged+0x2a4
j  java.security.AccessController.doPrivileged(Ljava/security/PrivilegedExceptionAction;Ljava/security/AccessControlContext;)Ljava/lang/Object;+0
j  java.net.URLClassLoader.findClass(Ljava/lang/String;)Ljava/lang/Class;+13
j  java.lang.ClassLoader.loadClass(Ljava/lang/String;Z)Ljava/lang/Class;+70
j  java.lang.ClassLoader.loadClass(Ljava/lang/String;)Ljava/lang/Class;+3
v  ~StubRoutines::call_stub
V  [libjvm.so+0x5f8485]  JavaCalls::call_helper(JavaValue*, methodHandle*, JavaCallArguments*, Thread*)+0x365
V  [libjvm.so+0x5f6ee8]  JavaCalls::call(JavaValue*, methodHandle, JavaCallArguments*, Thread*)+0x28
V  [libjvm.so+0x5f71b7]  JavaCalls::call_virtual(JavaValue*, KlassHandle, Symbol*, Symbol*, JavaCallArguments*, Thread*)+0x197
V  [libjvm.so+0x5f7286]  JavaCalls::call_virtual(JavaValue*, Handle, KlassHandle, Symbol*, Symbol*, Handle, Thread*)+0x56
V  [libjvm.so+0x916cf9]  SystemDictionary::load_instance_class(Symbol*, Handle, Thread*)+0x419
V  [libjvm.so+0x917491]  SystemDictionary::resolve_instance_class_or_null(Symbol*, Handle, Handle, Thread*)+0x781
V  [libjvm.so+0x9178f4]  SystemDictionary::resolve_or_null(Symbol*, Handle, Handle, Thread*)+0x54
V  [libjvm.so+0x9189d4]  SystemDictionary::resolve_or_fail(Symbol*, Handle, Handle, bool, Thread*)+0x34
V  [libjvm.so+0x48bbd8]  constantPoolOopDesc::klass_at_impl(constantPoolHandle, int, Thread*)+0x278
V  [libjvm.so+0x5f0534]  InterpreterRuntime::_new(JavaThread*, constantPoolOopDesc*, int)+0x74
j  scala.collection.Iterator$class.slice(Lscala/collection/Iterator;II)Lscala/collection/Iterator;+49
j  scala.collection.AbstractIterator.slice(II)Lscala/collection/Iterator;+3
j  scala.collection.Iterator$class.drop(Lscala/collection/Iterator;I)Lscala/collection/Iterator;+4
j  scala.collection.AbstractIterator.drop(I)Lscala/collection/Iterator;+2
j  scala.collection.SeqLike$class.startsWith(Lscala/collection/SeqLike;Lscala/collection/GenSeq;I)Z+7
j  scala.collection.SeqViewLike$AbstractTransformed.startsWith(Lscala/collection/GenSeq;I)Z+3
j  scala.collection.GenSeqLike$class.startsWith(Lscala/collection/GenSeqLike;Lscala/collection/GenSeq;)Z+3
j  scala.collection.SeqViewLike$AbstractTransformed.startsWith(Lscala/collection/GenSeq;)Z+2
j  sbt.EvaluateConfigurations$$anonfun$firstNonSpaceIs$1.apply(Ljava/lang/String;)Z+41
j  sbt.EvaluateConfigurations$$anonfun$firstNonSpaceIs$1.apply(Ljava/lang/Object;)Ljava/lang/Object;+5
j  sbt.EvaluateConfigurations$$anonfun$or$1.apply(Ljava/lang/Object;)Z+21
j  sbt.EvaluateConfigurations$$anonfun$or$1.apply(Ljava/lang/Object;)Ljava/lang/Object;+2
j  sbt.EvaluateConfigurations$$anonfun$or$1.apply(Ljava/lang/Object;)Z+5
j  sbt.EvaluateConfigurations$$anonfun$or$1.apply(Ljava/lang/Object;)Ljava/lang/Object;+2
j  sbt.EvaluateConfigurations$$anonfun$fstS$1.apply(Lscala/Tuple2;)Z+19
j  sbt.EvaluateConfigurations$$anonfun$fstS$1.apply(Ljava/lang/Object;)Ljava/lang/Object;+5
j  scala.collection.immutable.List.span(Lscala/Function1;)Lscala/Tuple2;+22
j  sbt.EvaluateConfigurations$.splitExpressions(Lscala/collection/Seq;)Lscala/Tuple2;+64
j  sbt.EvaluateConfigurations$.parseConfiguration(Lscala/collection/Seq;Lscala/collection/Seq;I)Lsbt/EvaluateConfigurations$ParsedFile;+2
j  sbt.EvaluateConfigurations$.evaluateSbtFile(Lsbt/compiler/Eval;Ljava/io/File;Lscala/collection/Seq;Lscala/collection/Seq;I)Lscala/Function1;+12
j  sbt.Load$.sbt$Load$$loadSettingsFile$1(Ljava/io/File;Lscala/collection/Seq;Lscala/Function0;Ljava/lang/ClassLoader;)Lsbt/LoadedSbtFile;+28
j  sbt.Load$$anonfun$sbt$Load$$memoLoadSettingsFile$1$1.apply()Lsbt/LoadedSbtFile;+19
j  sbt.Load$$anonfun$sbt$Load$$memoLoadSettingsFile$1$1.apply()Ljava/lang/Object;+1
j  scala.Option.getOrElse(Lscala/Function0;)Ljava/lang/Object;+8
j  sbt.Load$.sbt$Load$$memoLoadSettingsFile$1(Ljava/io/File;Lscala/collection/Seq;Lscala/Function0;Lscala/collection/mutable/Map;Ljava/lang/ClassLoader;)Lsbt/LoadedSbtFile;+22
j  sbt.Load$$anonfun$loadSettings$1$2.apply(Ljava/io/File;)Lsbt/LoadedSbtFile;+20
j  sbt.Load$$anonfun$loadSettings$1$2.apply(Ljava/lang/Object;)Ljava/lang/Object;+5
j  scala.collection.TraversableLike$$anonfun$map$1.apply(Ljava/lang/Object;)Lscala/collection/mutable/Builder;+9
j  scala.collection.TraversableLike$$anonfun$map$1.apply(Ljava/lang/Object;)Ljava/lang/Object;+2
j  scala.collection.mutable.ResizableArray$class.foreach(Lscala/collection/mutable/ResizableArray;Lscala/Function1;)V+23
j  scala.collection.mutable.ArrayBuffer.foreach(Lscala/Function1;)V+2
j  scala.collection.TraversableLike$class.map(Lscala/collection/TraversableLike;Lscala/Function1;Lscala/collection/generic/CanBuildFrom;)Ljava/lang/Object;+17
j  scala.collection.AbstractTraversable.map(Lscala/Function1;Lscala/collection/generic/CanBuildFrom;)Ljava/lang/Object;+3
j  sbt.Load$.loadSettings$1(Lscala/collection/Seq;Lscala/collection/Seq;Lscala/Function0;Lscala/collection/mutable/Map;Ljava/lang/ClassLoader;)Lsbt/LoadedSbtFile;+39
j  sbt.Load$.sbt$Load$$expand$1(Lsbt/AddSettings;Ljava/io/File;Lscala/collection/Seq;Lsbt/LoadedPlugins;Lscala/Function0;Lsbt/Load$InjectSettings;Lscala/collection/mutable/Map;Lscala/runtime/ObjectRef;Ljava/lang/ClassLoader;Lscala/runtime/VolatileByteRef;)Lsbt/LoadedSbtFile;+158
j  sbt.Load$.loadSettings(Lsbt/AddSettings;Ljava/io/File;Lscala/collection/Seq;Lsbt/LoadedPlugins;Lscala/Function0;Lsbt/Load$InjectSettings;Lscala/collection/mutable/Map;)Lsbt/LoadedSbtFile;+47
j  sbt.Load$.sbt$Load$$loadSbtFiles$1(Lsbt/AddSettings;Ljava/io/File;Lscala/collection/Seq;Lsbt/LoadedPlugins;Lscala/Function0;Lsbt/Load$InjectSettings;Lscala/collection/mutable/Map;)Lsbt/LoadedSbtFile;+12
j  sbt.Load$.defaultLoad$1(Ljava/io/File;Lscala/collection/Seq;Lsbt/LoadedPlugins;Lscala/Function0;Lsbt/Load$InjectSettings;Lscala/collection/mutable/Map;)Lscala/collection/Seq;+16
j  sbt.Load$.loadTransitive(Lscala/collection/Seq;Ljava/io/File;Lscala/collection/Seq;Lsbt/LoadedPlugins;Lscala/Function0;Lsbt/Load$InjectSettings;Lscala/collection/Seq;Lscala/collection/mutable/Map;)Lscala/collection/Seq;+24
j  sbt.Load$.loadProjects$1(Lscala/collection/Seq;Lsbt/LoadBuildConfiguration;Ljava/io/File;Ljava/io/File;Lsbt/LoadedPlugins;Lscala/collection/Seq;Lscala/runtime/ObjectRef;Lscala/collection/mutable/HashMap;Lscala/runtime/VolatileByteRef;)Lscala/collection/Seq;+31
j  sbt.Load$.loadUnit(Ljava/net/URI;Ljava/io/File;Lsbt/State;Lsbt/LoadBuildConfiguration;)Lsbt/BuildUnit;+305
j  sbt.Load$$anonfun$15$$anonfun$apply$11.apply()Lsbt/BuildUnit;+31
j  sbt.Load$$anonfun$15$$anonfun$apply$11.apply()Ljava/lang/Object;+1
j  sbt.BuildLoader$$anonfun$componentLoader$1$$anonfun$apply$4$$anonfun$apply$5$$anonfun$apply$6.apply()Lsbt/BuildUnit;+4
j  sbt.BuildLoader$$anonfun$componentLoader$1$$anonfun$apply$4$$anonfun$apply$5$$anonfun$apply$6.apply()Ljava/lang/Object;+1
j  sbt.BuildLoader.apply(Ljava/net/URI;)Lsbt/BuildUnit;+53
j  sbt.Load$.loadAll(Lscala/collection/immutable/List;Lscala/collection/immutable/Map;Lsbt/BuildLoader;Lscala/collection/immutable/Map;)Lscala/Tuple3;+65
j  sbt.Load$.loadURI(Ljava/net/URI;Lsbt/BuildLoader;Lscala/collection/immutable/List;)Lsbt/PartBuild;+36
j  sbt.Load$.load(Ljava/io/File;Lsbt/BuildLoader;Lscala/collection/immutable/List;)Lsbt/PartBuild;+10
j  sbt.Load$.load(Ljava/io/File;Lsbt/State;Lsbt/LoadBuildConfiguration;)Lsbt/PartBuild;+126
j  sbt.Load$.apply(Ljava/io/File;Lsbt/State;Lsbt/LoadBuildConfiguration;)Lscala/Tuple2;+27
j  sbt.Load$.buildPluginDefinition(Ljava/io/File;Lsbt/State;Lsbt/LoadBuildConfiguration;)Lsbt/PluginData;+4
j  sbt.Load$.buildPlugins(Ljava/io/File;Lsbt/State;Lsbt/LoadBuildConfiguration;)Lsbt/LoadedPlugins;+7
j  sbt.Load$.plugins(Ljava/io/File;Lsbt/State;Lsbt/LoadBuildConfiguration;)Lsbt/LoadedPlugins;+20
j  sbt.Load$.loadUnit(Ljava/net/URI;Ljava/io/File;Lsbt/State;Lsbt/LoadBuildConfiguration;)Lsbt/BuildUnit;+167
j  sbt.Load$$anonfun$15$$anonfun$apply$11.apply()Lsbt/BuildUnit;+31
j  sbt.Load$$anonfun$15$$anonfun$apply$11.apply()Ljava/lang/Object;+1
j  sbt.BuildLoader$$anonfun$componentLoader$1$$anonfun$apply$4$$anonfun$apply$5$$anonfun$apply$6.apply()Lsbt/BuildUnit;+4
j  sbt.BuildLoader$$anonfun$componentLoader$1$$anonfun$apply$4$$anonfun$apply$5$$anonfun$apply$6.apply()Ljava/lang/Object;+1
j  sbt.BuildLoader.apply(Ljava/net/URI;)Lsbt/BuildUnit;+53
j  sbt.Load$.loadAll(Lscala/collection/immutable/List;Lscala/collection/immutable/Map;Lsbt/BuildLoader;Lscala/collection/immutable/Map;)Lscala/Tuple3;+65
j  sbt.Load$.loadURI(Ljava/net/URI;Lsbt/BuildLoader;Lscala/collection/immutable/List;)Lsbt/PartBuild;+36
j  sbt.Load$.load(Ljava/io/File;Lsbt/BuildLoader;Lscala/collection/immutable/List;)Lsbt/PartBuild;+10
j  sbt.Load$.load(Ljava/io/File;Lsbt/State;Lsbt/LoadBuildConfiguration;)Lsbt/PartBuild;+126
j  sbt.Load$.apply(Ljava/io/File;Lsbt/State;Lsbt/LoadBuildConfiguration;)Lscala/Tuple2;+27
j  sbt.Load$.defaultLoad(Lsbt/State;Ljava/io/File;Lsbt/Logger;ZLscala/collection/immutable/List;)Lscala/Tuple2;+204
j  sbt.BuiltinCommands$.doLoadProject(Lsbt/State;Lscala/Enumeration$Value;)Lsbt/State;+154
j  sbt.BuiltinCommands$$anonfun$loadProjectImpl$2.apply(Lsbt/State;Lscala/Enumeration$Value;)Lsbt/State;+5
j  sbt.BuiltinCommands$$anonfun$loadProjectImpl$2.apply(Ljava/lang/Object;Ljava/lang/Object;)Ljava/lang/Object;+9
j  sbt.Command$$anonfun$applyEffect$1$$anonfun$apply$2.apply(Ljava/lang/Object;)Lsbt/State;+12
j  sbt.Command$$anonfun$applyEffect$1$$anonfun$apply$2.apply(Ljava/lang/Object;)Ljava/lang/Object;+2
j  sbt.Command$$anonfun$applyEffect$2$$anonfun$apply$3.apply()Lsbt/State;+11
j  sbt.Command$$anonfun$applyEffect$2$$anonfun$apply$3.apply()Ljava/lang/Object;+1
j  sbt.Command$.process(Ljava/lang/String;Lsbt/State;)Lsbt/State;+55
j  sbt.MainLoop$$anonfun$1$$anonfun$apply$1.apply(Ljava/lang/String;Lsbt/State;)Lsbt/State;+5
...<more frames>...


---------------  P R O C E S S  ---------------

Java Threads: ( => current thread )
  0x00007f967051f000 JavaThread "process reaper" daemon [_thread_blocked, id=8680, stack(0x00007f9669306000,0x00007f966933f000)]
  0x00007f9670119000 JavaThread "Service Thread" daemon [_thread_blocked, id=8677, stack(0x00007f9669aec000,0x00007f9669bed000)]
  0x00007f9670116800 JavaThread "C2 CompilerThread1" daemon [_thread_blocked, id=8676, stack(0x00007f9669bed000,0x00007f9669cee000)]
  0x00007f9670114000 JavaThread "C2 CompilerThread0" daemon [_thread_blocked, id=8675, stack(0x00007f9669cee000,0x00007f9669def000)]
  0x00007f9670109800 JavaThread "Signal Dispatcher" daemon [_thread_blocked, id=8674, stack(0x00007f9669def000,0x00007f9669ef0000)]
  0x00007f96700f2800 JavaThread "Finalizer" daemon [_thread_blocked, id=8673, stack(0x00007f966a5d3000,0x00007f966a6d4000)]
  0x00007f96700ee800 JavaThread "Reference Handler" daemon [_thread_blocked, id=8672, stack(0x00007f966a6d4000,0x00007f966a7d5000)]
=>0x00007f967000a000 JavaThread "main" [_thread_in_Java, id=8665, stack(0x00007f9676b36000,0x00007f9676c37000)]

Other Threads:
  0x00007f96700ec800 VMThread [stack: 0x00007f966a7d5000,0x00007f966a8d6000] [id=8671]
  0x00007f9670123800 WatcherThread [stack: 0x00007f96699eb000,0x00007f9669aec000] [id=8678]

VM state:not at safepoint (normal execution)

VM Mutex/Monitor currently owned by a thread: None

Heap
 PSYoungGen      total 56832K, used 15366K [0x00000000f5500000, 0x00000000fc400000, 0x0000000100000000)
  eden space 49152K, 15% used [0x00000000f5500000,0x00000000f5c86f08,0x00000000f8500000)
  from space 7680K, 99% used [0x00000000f8500000,0x00000000f8c7acf0,0x00000000f8c80000)
  to   space 7680K, 0% used [0x00000000fbc80000,0x00000000fbc80000,0x00000000fc400000)
 ParOldGen       total 128000K, used 2412K [0x00000000e0000000, 0x00000000e7d00000, 0x00000000f5500000)
  object space 128000K, 1% used [0x00000000e0000000,0x00000000e025b2a8,0x00000000e7d00000)
 PSPermGen       total 131072K, used 15962K [0x00000000d8000000, 0x00000000e0000000, 0x00000000e0000000)
  object space 131072K, 12% used [0x00000000d8000000,0x00000000d8f96b70,0x00000000e0000000)

Card table byte_map: [0x00007f966cca4000,0x00007f966cde5000] byte_map_base: 0x00007f966c5e4000

Polling page: 0x00007f9676c59000

Code Cache  [0x00007f966cde5000, 0x00007f966d055000, 0x00007f966fde5000)
 total_blobs=317 nmethods=65 adapters=206 free_code_cache=48583Kb largest_free_block=49719104

Compilation events (10 events):
Event: 1.833 Thread 0x00007f9670114000 nmethod 60 0x00007f966ce77490 code [0x00007f966ce777a0, 0x00007f966ce79028]
Event: 1.833 Thread 0x00007f9670116800 nmethod 61 0x00007f966ce60450 code [0x00007f966ce60600, 0x00007f966ce60d08]
Event: 1.835 Thread 0x00007f9670116800   62             java.lang.ref.Reference::get (5 bytes)
Event: 1.835 Thread 0x00007f9670116800 nmethod 62 0x00007f966ce60250 code [0x00007f966ce60380, 0x00007f966ce603d8]
Event: 1.852 Thread 0x00007f9670116800   63             java.lang.Math::max (11 bytes)
Event: 1.852 Thread 0x00007f9670116800 nmethod 63 0x00007f966ce60050 code [0x00007f966ce60180, 0x00007f966ce601d8]
Event: 1.853 Thread 0x00007f9670116800   64             java.util.jar.JarFile::hasClassPathAttribute (168 bytes)
Event: 1.858 Thread 0x00007f9670116800 nmethod 64 0x00007f966ce6f950 code [0x00007f966ce6fac0, 0x00007f966ce6fd88]
Event: 1.895 Thread 0x00007f9670114000   65             java.net.URL::getRef (5 bytes)
Event: 1.895 Thread 0x00007f9670114000 nmethod 65 0x00007f966ce5fe50 code [0x00007f966ce5ff80, 0x00007f966ce5ffd8]

GC Heap History (2 events):
Event: 1.687 GC heap before
{Heap before GC invocations=1 (full 0):
 PSYoungGen      total 56832K, used 49152K [0x00000000f5500000, 0x00000000f9400000, 0x0000000100000000)
  eden space 49152K, 100% used [0x00000000f5500000,0x00000000f8500000,0x00000000f8500000)
  from space 7680K, 0% used [0x00000000f8c80000,0x00000000f8c80000,0x00000000f9400000)
  to   space 7680K, 0% used [0x00000000f8500000,0x00000000f8500000,0x00000000f8c80000)
 ParOldGen       total 128000K, used 0K [0x00000000e0000000, 0x00000000e7d00000, 0x00000000f5500000)
  object space 128000K, 0% used [0x00000000e0000000,0x00000000e0000000,0x00000000e7d00000)
 PSPermGen       total 131072K, used 14722K [0x00000000d8000000, 0x00000000e0000000, 0x00000000e0000000)
  object space 131072K, 11% used [0x00000000d8000000,0x00000000d8e60850,0x00000000e0000000)
Event: 1.714 GC heap after
Heap after GC invocations=1 (full 0):
 PSYoungGen      total 56832K, used 7659K [0x00000000f5500000, 0x00000000fc400000, 0x0000000100000000)
  eden space 49152K, 0% used [0x00000000f5500000,0x00000000f5500000,0x00000000f8500000)
  from space 7680K, 99% used [0x00000000f8500000,0x00000000f8c7acf0,0x00000000f8c80000)
  to   space 7680K, 0% used [0x00000000fbc80000,0x00000000fbc80000,0x00000000fc400000)
 ParOldGen       total 128000K, used 2412K [0x00000000e0000000, 0x00000000e7d00000, 0x00000000f5500000)
  object space 128000K, 1% used [0x00000000e0000000,0x00000000e025b2a8,0x00000000e7d00000)
 PSPermGen       total 131072K, used 14722K [0x00000000d8000000, 0x00000000e0000000, 0x00000000e0000000)
  object space 131072K, 11% used [0x00000000d8000000,0x00000000d8e60850,0x00000000e0000000)
}

Deoptimization events (0 events):
No events

Internal exceptions (10 events):
Event: 1.911 Thread 0x00007f967000a000 Threw 0x00000000f5aac310 at /HUDSON/workspace/7u-2-build-linux-amd64/jdk7u45/229/hotspot/src/share/vm/prims/jvm.cpp:1244
Event: 1.912 Thread 0x00007f967000a000 Threw 0x00000000f5ab0408 at /HUDSON/workspace/7u-2-build-linux-amd64/jdk7u45/229/hotspot/src/share/vm/prims/jvm.cpp:1244
Event: 1.912 Thread 0x00007f967000a000 Threw 0x00000000f5ab0cc0 at /HUDSON/workspace/7u-2-build-linux-amd64/jdk7u45/229/hotspot/src/share/vm/prims/jvm.cpp:1244
Event: 1.912 Thread 0x00007f967000a000 Threw 0x00000000f5ab1de0 at /HUDSON/workspace/7u-2-build-linux-amd64/jdk7u45/229/hotspot/src/share/vm/prims/jvm.cpp:1244
Event: 1.912 Thread 0x00007f967000a000 Threw 0x00000000f5ab51a8 at /HUDSON/workspace/7u-2-build-linux-amd64/jdk7u45/229/hotspot/src/share/vm/prims/jvm.cpp:1244
Event: 1.912 Thread 0x00007f967000a000 Threw 0x00000000f5ab5a68 at /HUDSON/workspace/7u-2-build-linux-amd64/jdk7u45/229/hotspot/src/share/vm/prims/jvm.cpp:1244
Event: 1.912 Thread 0x00007f967000a000 Threw 0x00000000f5ab6b90 at /HUDSON/workspace/7u-2-build-linux-amd64/jdk7u45/229/hotspot/src/share/vm/prims/jvm.cpp:1244
Event: 1.913 Thread 0x00007f967000a000 Threw 0x00000000f5abd670 at /HUDSON/workspace/7u-2-build-linux-amd64/jdk7u45/229/hotspot/src/share/vm/prims/jvm.cpp:1244
Event: 1.913 Thread 0x00007f967000a000 Threw 0x00000000f5abe270 at /HUDSON/workspace/7u-2-build-linux-amd64/jdk7u45/229/hotspot/src/share/vm/prims/jvm.cpp:1244
Event: 1.913 Thread 0x00007f967000a000 Threw 0x00000000f5abfad8 at /HUDSON/workspace/7u-2-build-linux-amd64/jdk7u45/229/hotspot/src/share/vm/prims/jvm.cpp:1244

Events (10 events):
Event: 1.910 loading class 0x00007f96707f00f0
Event: 1.910 loading class 0x00007f96707f00f0 done
Event: 1.911 loading class 0x00007f96707f0040
Event: 1.911 loading class 0x00007f96707f0040 done
Event: 1.912 loading class 0x00007f96707f00b0
Event: 1.912 loading class 0x00007f96707f00b0 done
Event: 1.912 loading class 0x00007f96707effd0
Event: 1.912 loading class 0x00007f96707effd0 done
Event: 1.913 loading class 0x00007f96707eff50
Event: 1.913 loading class 0x00007f96707eff50 done


Dynamic libraries:
00400000-00401000 r-xp 00000000 08:11 404792                             /usr/lib/jvm/java-7-oracle/jre/bin/java
00600000-00601000 rw-p 00000000 08:11 404792                             /usr/lib/jvm/java-7-oracle/jre/bin/java
01627000-01648000 rw-p 00000000 00:00 0                                  [heap]
d8000000-e7d00000 rw-p 00000000 00:00 0 
e7d00000-f5500000 rw-p 00000000 00:00 0 
f5500000-fc400000 rw-p 00000000 00:00 0 
fc400000-100000000 rw-p 00000000 00:00 0 
7f963c000000-7f963c021000 rw-p 00000000 00:00 0 
7f963c021000-7f9640000000 ---p 00000000 00:00 0 
7f9640000000-7f9640021000 rw-p 00000000 00:00 0 
7f9640021000-7f9644000000 ---p 00000000 00:00 0 
7f9644000000-7f96443a8000 rw-p 00000000 00:00 0 
7f96443a8000-7f9648000000 ---p 00000000 00:00 0 
7f9648000000-7f9648021000 rw-p 00000000 00:00 0 
7f9648021000-7f964c000000 ---p 00000000 00:00 0 
7f964c000000-7f964c021000 rw-p 00000000 00:00 0 
7f964c021000-7f9650000000 ---p 00000000 00:00 0 
7f9650000000-7f96503fa000 rw-p 00000000 00:00 0 
7f96503fa000-7f9654000000 ---p 00000000 00:00 0 
7f9654000000-7f9654021000 rw-p 00000000 00:00 0 
7f9654021000-7f9658000000 ---p 00000000 00:00 0 
7f9658000000-7f9658021000 rw-p 00000000 00:00 0 
7f9658021000-7f965c000000 ---p 00000000 00:00 0 
7f965c000000-7f965c021000 rw-p 00000000 00:00 0 
7f965c021000-7f9660000000 ---p 00000000 00:00 0 
7f9660000000-7f9660021000 rw-p 00000000 00:00 0 
7f9660021000-7f9664000000 ---p 00000000 00:00 0 
7f9664000000-7f9664021000 rw-p 00000000 00:00 0 
7f9664021000-7f9668000000 ---p 00000000 00:00 0 
7f9669300000-7f9669302000 r--s 00006000 08:12 1310915                    /home/joarley/.sbt/boot/scala-2.10.2/com.typesafe.sbtrc/sbt-rc-ui-interface-0-13/1.0-056f4f25fbde18cfcf42b324eaedaca8a8062e31/sbt-rc-ui-interface-0-13-1.0-056f4f25fbde18cfcf42b324eaedaca8a8062e31.jar
7f9669302000-7f9669306000 r--s 0008a000 08:11 404910                     /usr/lib/jvm/java-7-oracle/jre/lib/jsse.jar
7f9669306000-7f9669309000 ---p 00000000 00:00 0 
7f9669309000-7f966933f000 rw-p 00000000 00:00 0                          [stack:8680]
7f966933f000-7f9669342000 r--s 00009000 08:12 1310961                    /home/joarley/.sbt/boot/scala-2.10.2/org.scala-sbt/sbt/0.13.0/xsbti/interface-0.13.0.jar
7f9669342000-7f9669377000 r--s 002d2000 08:12 1310942                    /home/joarley/.sbt/boot/scala-2.10.2/org.scala-sbt/sbt/0.13.0/scala-reflect-2.10.2.jar
7f9669377000-7f9669379000 r--s 00002000 08:12 1310918                    /home/joarley/.sbt/boot/scala-2.10.2/org.scala-sbt/sbt/0.13.0/control-0.13.0.jar
7f9669379000-7f9669384000 r--s 00099000 08:12 1310933                    /home/joarley/.sbt/boot/scala-2.10.2/org.scala-sbt/sbt/0.13.0/ivy-0.13.0.jar
7f9669384000-7f9669387000 r--s 00017000 08:12 1310952                    /home/joarley/.sbt/boot/scala-2.10.2/org.scala-sbt/sbt/0.13.0/run-0.13.0.jar
7f9669387000-7f9669391000 r--s 00084000 08:12 1310949                    /home/joarley/.sbt/boot/scala-2.10.2/org.scala-sbt/sbt/0.13.0/main-settings-0.13.0.jar
7f9669391000-7f9669396000 r--s 0001f000 08:12 1310931                    /home/joarley/.sbt/boot/scala-2.10.2/org.scala-sbt/sbt/0.13.0/persist-0.13.0.jar
7f9669396000-7f9669398000 r--s 00012000 08:12 1310955                    /home/joarley/.sbt/boot/scala-2.10.2/org.scala-sbt/sbt/0.13.0/apply-macro-0.13.0.jar
7f9669398000-7f966939b000 r--s 00030000 08:12 1310964                    /home/joarley/.sbt/boot/scala-2.10.2/org.scala-sbt/sbt/0.13.0/jline-2.11.jar
7f966939b000-7f966939d000 r--s 00001000 08:12 1310969                    /home/joarley/.sbt/boot/scala-2.10.2/org.scala-sbt/sbt/0.13.0/compiler-ivy-integration-0.13.0.jar
7f966939d000-7f96693a0000 r--s 0000e000 08:12 1310954                    /home/joarley/.sbt/boot/scala-2.10.2/org.scala-sbt/sbt/0.13.0/compiler-integration-0.13.0.jar
7f96693a0000-7f96693a3000 r--s 00018000 08:12 1310938                    /home/joarley/.sbt/boot/scala-2.10.2/org.scala-sbt/sbt/0.13.0/logging-0.13.0.jar
7f96693a3000-7f96693a7000 r--s 0001d000 08:12 1310968                    /home/joarley/.sbt/boot/scala-2.10.2/org.scala-sbt/sbt/0.13.0/task-system-0.13.0.jar
7f96693a7000-7f96693a9000 r--s 00004000 08:12 1310950                    /home/joarley/.sbt/boot/scala-2.10.2/org.scala-sbt/sbt/0.13.0/test-agent-0.13.0.jar
7f96693a9000-7f96693ad000 r--s 00022000 08:12 1310948                    /home/joarley/.sbt/boot/scala-2.10.2/org.scala-sbt/sbt/0.13.0/sbinary_2.10-0.4.2.jar
7f96693ad000-7f96693b2000 r--s 0003b000 08:12 1310929                    /home/joarley/.sbt/boot/scala-2.10.2/org.scala-sbt/sbt/0.13.0/incremental-compiler-0.13.0.jar
7f96693b2000-7f96693b4000 r--s 00002000 08:12 1310975                    /home/joarley/.sbt/boot/scala-2.10.2/org.scala-sbt/sbt/0.13.0/test-interface-1.0.jar
7f96693b4000-7f96693b7000 r--s 0001d000 08:12 1310960                    /home/joarley/.sbt/boot/scala-2.10.2/org.scala-sbt/sbt/0.13.0/tasks-0.13.0.jar
7f96693b7000-7f96693bb000 r--s 00031000 08:12 1310973                    /home/joarley/.sbt/boot/scala-2.10.2/org.scala-sbt/sbt/0.13.0/command-0.13.0.jar
7f96693bb000-7f96693c1000 r--s 00042000 08:12 1310958                    /home/joarley/.sbt/boot/scala-2.10.2/org.scala-sbt/sbt/0.13.0/api-0.13.0.jar
7f96693c1000-7f96693c3000 r--s 00001000 08:12 1310947                    /home/joarley/.sbt/boot/scala-2.10.2/org.scala-sbt/sbt/0.13.0/cross-0.13.0.jar
7f96693c3000-7f96693c5000 r--s 00001000 08:12 1310957                    /home/joarley/.sbt/boot/scala-2.10.2/org.scala-sbt/sbt/0.13.0/launcher-interface-0.13.0.jar
7f96693c5000-7f96693c8000 r--s 00019000 08:12 1310963                    /home/joarley/.sbt/boot/scala-2.10.2/org.scala-sbt/sbt/0.13.0/compile-0.13.0.jar
7f96693c8000-7f96693ca000 r--s 00013000 08:12 1310939                    /home/joarley/.sbt/boot/scala-2.10.2/org.scala-sbt/sbt/0.13.0/classpath-0.13.0.jar
7f96693ca000-7f96693cd000 r--s 00013000 08:12 1310965                    /home/joarley/.sbt/boot/scala-2.10.2/org.scala-sbt/sbt/0.13.0/testing-0.13.0.jar
7f96693cd000-7f96693e2000 r--s 00114000 08:12 1310956                    /home/joarley/.sbt/boot/scala-2.10.2/org.scala-sbt/sbt/0.13.0/ivy-2.3.0-rc1.jar
7f96693e2000-7f9669405000 r--s 001c3000 08:12 1310945                    /home/joarley/.sbt/boot/scala-2.10.2/org.scala-sbt/sbt/0.13.0/main-0.13.0.jar
7f9669405000-7f9669477000 r--s 00659000 08:12 1310792                    /home/joarley/.sbt/boot/scala-2.10.2/lib/scala-library.jar
7f9669477000-7f96694ac000 r--s 002d2000 08:12 1310791                    /home/joarley/.sbt/boot/scala-2.10.2/lib/scala-reflect.jar
7f96694ac000-7f96695a9000 r--s 00cc2000 08:12 1310795                    /home/joarley/.sbt/boot/scala-2.10.2/lib/scala-compiler.jar
7f96695a9000-7f96695b9000 r-xp 00000000 08:11 404857                     /usr/lib/jvm/java-7-oracle/jre/lib/amd64/libnio.so
7f96695b9000-7f96697b9000 ---p 00010000 08:11 404857                     /usr/lib/jvm/java-7-oracle/jre/lib/amd64/libnio.so
7f96697b9000-7f96697ba000 rw-p 00010000 08:11 404857                     /usr/lib/jvm/java-7-oracle/jre/lib/amd64/libnio.so
7f96697ba000-7f96697d0000 r-xp 00000000 08:11 404880                     /usr/lib/jvm/java-7-oracle/jre/lib/amd64/libnet.so
7f96697d0000-7f96699d0000 ---p 00016000 08:11 404880                     /usr/lib/jvm/java-7-oracle/jre/lib/amd64/libnet.so
7f96699d0000-7f96699d1000 rw-p 00016000 08:11 404880                     /usr/lib/jvm/java-7-oracle/jre/lib/amd64/libnet.so
7f96699d1000-7f96699eb000 r--s 000fc000 08:12 658133                     /home/joarley/.bin/apps/activator-1.0.8/activator-launch-1.0.8.jar
7f96699eb000-7f96699ec000 ---p 00000000 00:00 0 
7f96699ec000-7f9669aec000 rw-p 00000000 00:00 0                          [stack:8678]
7f9669aec000-7f9669aef000 ---p 00000000 00:00 0 
7f9669aef000-7f9669bed000 rw-p 00000000 00:00 0                          [stack:8677]
7f9669bed000-7f9669bf0000 ---p 00000000 00:00 0 
7f9669bf0000-7f9669cee000 rw-p 00000000 00:00 0                          [stack:8676]
7f9669cee000-7f9669cf1000 ---p 00000000 00:00 0 
7f9669cf1000-7f9669def000 rw-p 00000000 00:00 0                          [stack:8675]
7f9669def000-7f9669df2000 ---p 00000000 00:00 0 
7f9669df2000-7f9669ef0000 rw-p 00000000 00:00 0                          [stack:8674]
7f9669ef0000-7f966a5d3000 r--p 00000000 08:11 397067                     /usr/lib/locale/locale-archive
7f966a5d3000-7f966a5d6000 ---p 00000000 00:00 0 
7f966a5d6000-7f966a6d4000 rw-p 00000000 00:00 0                          [stack:8673]
7f966a6d4000-7f966a6d7000 ---p 00000000 00:00 0 
7f966a6d7000-7f966a7d5000 rw-p 00000000 00:00 0                          [stack:8672]
7f966a7d5000-7f966a7d6000 ---p 00000000 00:00 0 
7f966a7d6000-7f966b22a000 rw-p 00000000 00:00 0                          [stack:8671]
7f966b22a000-7f966b3e6000 r--s 039b2000 08:11 404911                     /usr/lib/jvm/java-7-oracle/jre/lib/rt.jar
7f966b3e6000-7f966c9f7000 rw-p 00000000 00:00 0 
7f966c9f7000-7f966c9f8000 ---p 00000000 00:00 0 
7f966c9f8000-7f966caf8000 rw-p 00000000 00:00 0                          [stack:8670]
7f966caf8000-7f966caf9000 ---p 00000000 00:00 0 
7f966caf9000-7f966cc38000 rw-p 00000000 00:00 0                          [stack:8668]
7f966cc38000-7f966cca4000 rw-p 00000000 00:00 0 
7f966cca4000-7f966cd23000 rw-p 00000000 00:00 0 
7f966cd23000-7f966cd8e000 rw-p 00000000 00:00 0 
7f966cd8e000-7f966cdc6000 rw-p 00000000 00:00 0 
7f966cdc6000-7f966cde4000 rw-p 00000000 00:00 0 
7f966cde4000-7f966cde5000 rw-p 00000000 00:00 0 
7f966cde5000-7f966d055000 rwxp 00000000 00:00 0 
7f966d055000-7f966fde5000 rw-p 00000000 00:00 0 
7f966fde5000-7f966fdff000 r-xp 00000000 08:11 404897                     /usr/lib/jvm/java-7-oracle/jre/lib/amd64/libzip.so
7f966fdff000-7f966ffff000 ---p 0001a000 08:11 404897                     /usr/lib/jvm/java-7-oracle/jre/lib/amd64/libzip.so
7f966ffff000-7f9670000000 rw-p 0001a000 08:11 404897                     /usr/lib/jvm/java-7-oracle/jre/lib/amd64/libzip.so
7f9670000000-7f9670a71000 rw-p 00000000 00:00 0 
7f9670a71000-7f9674000000 ---p 00000000 00:00 0 
7f9674000000-7f9674001000 rw-p 00000000 00:00 0 
7f9674001000-7f9674004000 r--s 00012000 08:12 1310959                    /home/joarley/.sbt/boot/scala-2.10.2/org.scala-sbt/sbt/0.13.0/classfile-0.13.0.jar
7f9674004000-7f9674007000 r--s 0001b000 08:12 1310951                    /home/joarley/.sbt/boot/scala-2.10.2/org.scala-sbt/sbt/0.13.0/process-0.13.0.jar
7f9674007000-7f967400b000 r--s 00034000 08:12 1310966                    /home/joarley/.sbt/boot/scala-2.10.2/org.scala-sbt/sbt/0.13.0/jsch-0.1.46.jar
7f967400b000-7f9674013000 r--s 0005e000 08:12 1310927                    /home/joarley/.sbt/boot/scala-2.10.2/org.scala-sbt/sbt/0.13.0/actions-0.13.0.jar
7f9674013000-7f9674053000 rw-p 00000000 00:00 0 
7f9674053000-7f967405f000 r-xp 00000000 08:11 265923                     /lib/x86_64-linux-gnu/libnss_files-2.17.so
7f967405f000-7f967425e000 ---p 0000c000 08:11 265923                     /lib/x86_64-linux-gnu/libnss_files-2.17.so
7f967425e000-7f967425f000 r--p 0000b000 08:11 265923                     /lib/x86_64-linux-gnu/libnss_files-2.17.so
7f967425f000-7f9674260000 rw-p 0000c000 08:11 265923                     /lib/x86_64-linux-gnu/libnss_files-2.17.so
7f9674260000-7f967426b000 r-xp 00000000 08:11 265927                     /lib/x86_64-linux-gnu/libnss_nis-2.17.so
7f967426b000-7f967446a000 ---p 0000b000 08:11 265927                     /lib/x86_64-linux-gnu/libnss_nis-2.17.so
7f967446a000-7f967446b000 r--p 0000a000 08:11 265927                     /lib/x86_64-linux-gnu/libnss_nis-2.17.so
7f967446b000-7f967446c000 rw-p 0000b000 08:11 265927                     /lib/x86_64-linux-gnu/libnss_nis-2.17.so
7f967446c000-7f9674483000 r-xp 00000000 08:11 265917                     /lib/x86_64-linux-gnu/libnsl-2.17.so
7f9674483000-7f9674682000 ---p 00017000 08:11 265917                     /lib/x86_64-linux-gnu/libnsl-2.17.so
7f9674682000-7f9674683000 r--p 00016000 08:11 265917                     /lib/x86_64-linux-gnu/libnsl-2.17.so
7f9674683000-7f9674684000 rw-p 00017000 08:11 265917                     /lib/x86_64-linux-gnu/libnsl-2.17.so
7f9674684000-7f9674686000 rw-p 00000000 00:00 0 
7f9674686000-7f967468e000 r-xp 00000000 08:11 265919                     /lib/x86_64-linux-gnu/libnss_compat-2.17.so
7f967468e000-7f967488d000 ---p 00008000 08:11 265919                     /lib/x86_64-linux-gnu/libnss_compat-2.17.so
7f967488d000-7f967488e000 r--p 00007000 08:11 265919                     /lib/x86_64-linux-gnu/libnss_compat-2.17.so
7f967488e000-7f967488f000 rw-p 00008000 08:11 265919                     /lib/x86_64-linux-gnu/libnss_compat-2.17.so
7f967488f000-7f96748b8000 r-xp 00000000 08:11 404856                     /usr/lib/jvm/java-7-oracle/jre/lib/amd64/libjava.so
7f96748b8000-7f9674ab8000 ---p 00029000 08:11 404856                     /usr/lib/jvm/java-7-oracle/jre/lib/amd64/libjava.so
7f9674ab8000-7f9674aba000 rw-p 00029000 08:11 404856                     /usr/lib/jvm/java-7-oracle/jre/lib/amd64/libjava.so
7f9674aba000-7f9674ac7000 r-xp 00000000 08:11 404877                     /usr/lib/jvm/java-7-oracle/jre/lib/amd64/libverify.so
7f9674ac7000-7f9674cc6000 ---p 0000d000 08:11 404877                     /usr/lib/jvm/java-7-oracle/jre/lib/amd64/libverify.so
7f9674cc6000-7f9674cc8000 rw-p 0000c000 08:11 404877                     /usr/lib/jvm/java-7-oracle/jre/lib/amd64/libverify.so
7f9674cc8000-7f9674ccf000 r-xp 00000000 08:11 265970                     /lib/x86_64-linux-gnu/librt-2.17.so
7f9674ccf000-7f9674ece000 ---p 00007000 08:11 265970                     /lib/x86_64-linux-gnu/librt-2.17.so
7f9674ece000-7f9674ecf000 r--p 00006000 08:11 265970                     /lib/x86_64-linux-gnu/librt-2.17.so
7f9674ecf000-7f9674ed0000 rw-p 00007000 08:11 265970                     /lib/x86_64-linux-gnu/librt-2.17.so
7f9674ed0000-7f9674fd3000 r-xp 00000000 08:11 265898                     /lib/x86_64-linux-gnu/libm-2.17.so
7f9674fd3000-7f96751d2000 ---p 00103000 08:11 265898                     /lib/x86_64-linux-gnu/libm-2.17.so
7f96751d2000-7f96751d3000 r--p 00102000 08:11 265898                     /lib/x86_64-linux-gnu/libm-2.17.so
7f96751d3000-7f96751d4000 rw-p 00103000 08:11 265898                     /lib/x86_64-linux-gnu/libm-2.17.so
7f96751d4000-7f9675d36000 r-xp 00000000 08:11 404874                     /usr/lib/jvm/java-7-oracle/jre/lib/amd64/server/libjvm.so
7f9675d36000-7f9675f36000 ---p 00b62000 08:11 404874                     /usr/lib/jvm/java-7-oracle/jre/lib/amd64/server/libjvm.so
7f9675f36000-7f9675ff9000 rw-p 00b62000 08:11 404874                     /usr/lib/jvm/java-7-oracle/jre/lib/amd64/server/libjvm.so
7f9675ff9000-7f967603a000 rw-p 00000000 00:00 0 
7f967603a000-7f96761f7000 r-xp 00000000 08:11 265847                     /lib/x86_64-linux-gnu/libc-2.17.so
7f96761f7000-7f96763f7000 ---p 001bd000 08:11 265847                     /lib/x86_64-linux-gnu/libc-2.17.so
7f96763f7000-7f96763fb000 r--p 001bd000 08:11 265847                     /lib/x86_64-linux-gnu/libc-2.17.so
7f96763fb000-7f96763fd000 rw-p 001c1000 08:11 265847                     /lib/x86_64-linux-gnu/libc-2.17.so
7f96763fd000-7f9676402000 rw-p 00000000 00:00 0 
7f9676402000-7f9676405000 r-xp 00000000 08:11 265862                     /lib/x86_64-linux-gnu/libdl-2.17.so
7f9676405000-7f9676604000 ---p 00003000 08:11 265862                     /lib/x86_64-linux-gnu/libdl-2.17.so
7f9676604000-7f9676605000 r--p 00002000 08:11 265862                     /lib/x86_64-linux-gnu/libdl-2.17.so
7f9676605000-7f9676606000 rw-p 00003000 08:11 265862                     /lib/x86_64-linux-gnu/libdl-2.17.so
7f9676606000-7f967661c000 r-xp 00000000 08:11 404854                     /usr/lib/jvm/java-7-oracle/jre/lib/amd64/jli/libjli.so
7f967661c000-7f967681c000 ---p 00016000 08:11 404854                     /usr/lib/jvm/java-7-oracle/jre/lib/amd64/jli/libjli.so
7f967681c000-7f967681d000 rw-p 00016000 08:11 404854                     /usr/lib/jvm/java-7-oracle/jre/lib/amd64/jli/libjli.so
7f967681d000-7f9676834000 r-xp 00000000 08:11 265962                     /lib/x86_64-linux-gnu/libpthread-2.17.so
7f9676834000-7f9676a34000 ---p 00017000 08:11 265962                     /lib/x86_64-linux-gnu/libpthread-2.17.so
7f9676a34000-7f9676a35000 r--p 00017000 08:11 265962                     /lib/x86_64-linux-gnu/libpthread-2.17.so
7f9676a35000-7f9676a36000 rw-p 00018000 08:11 265962                     /lib/x86_64-linux-gnu/libpthread-2.17.so
7f9676a36000-7f9676a3a000 rw-p 00000000 00:00 0 
7f9676a3a000-7f9676a5d000 r-xp 00000000 08:11 265823                     /lib/x86_64-linux-gnu/ld-2.17.so
7f9676a5d000-7f9676a5e000 r--s 00005000 08:12 1310925                    /home/joarley/.sbt/boot/scala-2.10.2/org.scala-sbt/sbt/0.13.0/relation-0.13.0.jar
7f9676a5e000-7f9676a5f000 r--s 00005000 08:12 1310962                    /home/joarley/.sbt/boot/scala-2.10.2/org.scala-sbt/sbt/0.13.0/sbt-0.13.0.jar
7f9676a5f000-7f9676a62000 r--s 0001a000 08:12 1310967                    /home/joarley/.sbt/boot/scala-2.10.2/org.scala-sbt/sbt/0.13.0/cache-0.13.0.jar
7f9676a62000-7f9676a69000 r--s 00058000 08:12 1310974                    /home/joarley/.sbt/boot/scala-2.10.2/org.scala-sbt/sbt/0.13.0/collections-0.13.0.jar
7f9676a69000-7f9676a70000 r--s 00053000 08:12 1310946                    /home/joarley/.sbt/boot/scala-2.10.2/org.scala-sbt/sbt/0.13.0/completion-0.13.0.jar
7f9676a70000-7f9676a76000 r--s 0003d000 08:12 1310971                    /home/joarley/.sbt/boot/scala-2.10.2/org.scala-sbt/sbt/0.13.0/io-0.13.0.jar
7f9676a76000-7f9676a80000 rw-p 00000000 00:00 0 
7f9676a80000-7f9676b36000 rw-p 00000000 00:00 0 
7f9676b36000-7f9676b39000 ---p 00000000 00:00 0 
7f9676b39000-7f9676c3b000 rw-p 00000000 00:00 0                          [stack:8665]
7f9676c3b000-7f9676c3c000 r--s 0000a000 08:12 1310944                    /home/joarley/.sbt/boot/scala-2.10.2/org.scala-sbt/sbt/0.13.0/tracking-0.13.0.jar
7f9676c3c000-7f9676c3f000 r--s 00018000 08:12 1310794                    /home/joarley/.sbt/boot/scala-2.10.2/lib/jansi.jar
7f9676c3f000-7f9676c43000 r--s 00025000 08:12 1310797                    /home/joarley/.sbt/boot/scala-2.10.2/lib/jline.jar
7f9676c43000-7f9676c50000 rw-p 00000000 00:00 0 
7f9676c50000-7f9676c58000 rw-s 00000000 08:11 273322                     /tmp/hsperfdata_joarley/8664
7f9676c58000-7f9676c59000 rw-p 00000000 00:00 0 
7f9676c59000-7f9676c5a000 r--p 00000000 00:00 0 
7f9676c5a000-7f9676c5c000 rw-p 00000000 00:00 0 
7f9676c5c000-7f9676c5d000 r--p 00022000 08:11 265823                     /lib/x86_64-linux-gnu/ld-2.17.so
7f9676c5d000-7f9676c5f000 rw-p 00023000 08:11 265823                     /lib/x86_64-linux-gnu/ld-2.17.so
7fffc7d57000-7fffc7d78000 rw-p 00000000 00:00 0                          [stack]
7fffc7dba000-7fffc7dbc000 r-xp 00000000 00:00 0                          [vdso]
ffffffffff600000-ffffffffff601000 r-xp 00000000 00:00 0                  [vsyscall]

VM Arguments:
jvm_args: -Xss1024K -Xmx512M -XX:PermSize=128M -XX:+CMSClassUnloadingEnabled -Dsbt.boot.properties=file:/tmp/sbtrc1588155485732415072properties -Dsbtrc.control-port=51928 
java_command: /home/joarley/.bin/apps/activator-1.0.8/activator-launch-1.0.8.jar apply -cp """/home/joarley/.sbt/boot/scala-2.10.2/com.typesafe.sbtrc/sbt-rc-probe-0-13/1.0-056f4f25fbde18cfcf42b324eaedaca8a8062e31/sbt-rc-props-1.0-056f4f25fbde18cfcf42b324eaedaca8a8062e31.jar:/home/joarley/.sbt/boot/scala-2.10.2/com.typesafe.sbtrc/sbt-rc-probe-0-13/1.0-056f4f25fbde18cfcf42b324eaedaca8a8062e31/sbt-rc-probe-0-13-1.0-056f4f25fbde18cfcf42b324eaedaca8a8062e31.jar""" com.typesafe.sbtrc.SetupSbtChild listen
Launcher Type: SUN_STANDARD

Environment Variables:
PATH=/home/joarley/.bin:/usr/lib/lightdm/lightdm:/usr/local/sbin:/usr/local/bin:/usr/sbin:/usr/bin:/sbin:/bin:/usr/games:/usr/local/games
SHELL=/bin/bash
DISPLAY=:0

Signal Handlers:
SIGSEGV: [libjvm.so+0x9935b0], sa_mask[0]=0x7ffbfeff, sa_flags=0x10000004
SIGBUS: [libjvm.so+0x9935b0], sa_mask[0]=0x7ffbfeff, sa_flags=0x10000004
SIGFPE: [libjvm.so+0x810330], sa_mask[0]=0x7ffbfeff, sa_flags=0x10000004
SIGPIPE: [libjvm.so+0x810330], sa_mask[0]=0x7ffbfeff, sa_flags=0x10000004
SIGXFSZ: [libjvm.so+0x810330], sa_mask[0]=0x7ffbfeff, sa_flags=0x10000004
SIGILL: [libjvm.so+0x810330], sa_mask[0]=0x7ffbfeff, sa_flags=0x10000004
SIGUSR1: SIG_DFL, sa_mask[0]=0x00000000, sa_flags=0x00000000
SIGUSR2: [libjvm.so+0x811820], sa_mask[0]=0x00000004, sa_flags=0x10000004
SIGHUP: [libjvm.so+0x812790], sa_mask[0]=0x7ffbfeff, sa_flags=0x10000004
SIGINT: [libjvm.so+0x812790], sa_mask[0]=0x7ffbfeff, sa_flags=0x10000004
SIGTERM: [libjvm.so+0x812790], sa_mask[0]=0x7ffbfeff, sa_flags=0x10000004
SIGQUIT: [libjvm.so+0x812790], sa_mask[0]=0x7ffbfeff, sa_flags=0x10000004


---------------  S Y S T E M  ---------------

OS:wheezy/sid

uname:Linux 3.11.0-13-generic #20-Ubuntu SMP Wed Oct 23 07:38:26 UTC 2013 x86_64
libc:glibc 2.17 NPTL 2.17 
rlimit: STACK 8192k, CORE 0k, NPROC 95964, NOFILE 4096, AS infinity
load average:0.15 1.14 1.44

/proc/meminfo:
MemTotal:       12303588 kB
MemFree:         5951624 kB
Buffers:          477376 kB
Cached:          3358728 kB
SwapCached:            0 kB
Active:          4197456 kB
Inactive:        1595892 kB
Active(anon):    1958576 kB
Inactive(anon):    20412 kB
Active(file):    2238880 kB
Inactive(file):  1575480 kB
Unevictable:         640 kB
Mlocked:             640 kB
SwapTotal:             0 kB
SwapFree:              0 kB
Dirty:              2132 kB
Writeback:             0 kB
AnonPages:       1957996 kB
Mapped:           313180 kB
Shmem:             21760 kB
Slab:             361456 kB
SReclaimable:     324132 kB
SUnreclaim:        37324 kB
KernelStack:        4440 kB
PageTables:        39092 kB
NFS_Unstable:          0 kB
Bounce:                0 kB
WritebackTmp:          0 kB
CommitLimit:     6151792 kB
Committed_AS:    6753548 kB
VmallocTotal:   34359738367 kB
VmallocUsed:      130412 kB
VmallocChunk:   34359593980 kB
HardwareCorrupted:     0 kB
AnonHugePages:         0 kB
HugePages_Total:       0
HugePages_Free:        0
HugePages_Rsvd:        0
HugePages_Surp:        0
Hugepagesize:       2048 kB
DirectMap4k:      421504 kB
DirectMap2M:    12161024 kB


CPU:total 2 (2 cores per cpu, 1 threads per core) family 6 model 23 stepping 10, cmov, cx8, fxsr, mmx, sse, sse2, sse3, ssse3, tsc

/proc/cpuinfo:
processor	: 0
vendor_id	: GenuineIntel
cpu family	: 6
model		: 23
model name	: Pentium(R) Dual-Core  CPU      E5400  @ 2.70GHz
stepping	: 10
microcode	: 0xa07
cpu MHz		: 2700.111
cache size	: 2048 KB
physical id	: 0
siblings	: 2
core id		: 0
cpu cores	: 2
apicid		: 0
initial apicid	: 0
fpu		: yes
fpu_exception	: yes
cpuid level	: 13
wp		: yes
flags		: fpu vme de pse tsc msr pae mce cx8 apic sep mtrr pge mca cmov pat pse36 clflush dts acpi mmx fxsr sse sse2 ss ht tm pbe syscall nx lm constant_tsc arch_perfmon pebs bts rep_good nopl aperfmperf pni dtes64 monitor ds_cpl vmx est tm2 ssse3 cx16 xtpr pdcm xsave lahf_lm dtherm tpr_shadow vnmi flexpriority
bogomips	: 5400.22
clflush size	: 64
cache_alignment	: 64
address sizes	: 36 bits physical, 48 bits virtual
power management:

processor	: 1
vendor_id	: GenuineIntel
cpu family	: 6
model		: 23
model name	: Pentium(R) Dual-Core  CPU      E5400  @ 2.70GHz
stepping	: 10
microcode	: 0xa07
cpu MHz		: 2700.111
cache size	: 2048 KB
physical id	: 0
siblings	: 2
core id		: 1
cpu cores	: 2
apicid		: 1
initial apicid	: 1
fpu		: yes
fpu_exception	: yes
cpuid level	: 13
wp		: yes
flags		: fpu vme de pse tsc msr pae mce cx8 apic sep mtrr pge mca cmov pat pse36 clflush dts acpi mmx fxsr sse sse2 ss ht tm pbe syscall nx lm constant_tsc arch_perfmon pebs bts rep_good nopl aperfmperf pni dtes64 monitor ds_cpl vmx est tm2 ssse3 cx16 xtpr pdcm xsave lahf_lm dtherm tpr_shadow vnmi flexpriority
bogomips	: 5400.22
clflush size	: 64
cache_alignment	: 64
address sizes	: 36 bits physical, 48 bits virtual
power management:



Memory: 4k page, physical 12303588k(5951624k free), swap 0k(0k free)

vm_info: Java HotSpot(TM) 64-Bit Server VM (24.45-b08) for linux-amd64 JRE (1.7.0_45-b18), built on Oct  8 2013 05:44:25 by "java_re" with gcc 4.3.0 20080428 (Red Hat 4.3.0-8)

time: Sat Nov 30 12:22:04 2013
elapsed time: 1 seconds

